#
# A fatal error has been detected by the Java Runtime Environment:
#
#  Internal Error (javaCalls.cpp:51), pid=36001, tid=12547
#  guarantee(thread->is_Java_thread()) failed: crucial check - the VM thread cannot and must not escape to Java code
#
# JRE version: Java(TM) SE Runtime Environment (8.0_60-b27) (build 1.8.0_60-b27)
# Java VM: Java HotSpot(TM) 64-Bit Server VM (25.60-b23 mixed mode bsd-amd64 compressed oops)
# Failed to write core dump. Core dumps have been disabled. To enable core dumping, try "ulimit -c unlimited" before starting Java again
#
# If you would like to submit a bug report, please visit:
#   http://bugreport.java.com/bugreport/crash.jsp
#

---------------  T H R E A D  ---------------

Current thread (0x00007f907a829000):  VMThread [stack: 0x000000011e3a5000,0x000000011e4a5000] [id=12547]

Stack: [0x000000011e3a5000,0x000000011e4a5000],  sp=0x000000011e4a3b00,  free space=1018k
Native frames: (J=compiled Java code, j=interpreted, Vv=VM code, C=native code)
V  [libjvm.dylib+0x5a6522]
V  [libjvm.dylib+0x1e6843]
V  [libjvm.dylib+0x2ea1b0]
V  [libjvm.dylib+0x2eaa68]
V  [libjvm.dylib+0x2eaf86]
V  [libjvm.dylib+0x2406f7]
V  [libjvm.dylib+0x2407f2]
V  [libjvm.dylib+0x240a51]
V  [libjvm.dylib+0x240a6c]
V  [libjvm.dylib+0x2836fb]
V  [libjvm.dylib+0x283bc7]
V  [libjvm.dylib+0x283c15]
V  [libjvm.dylib+0x286360]
V  [libjvm.dylib+0x2865af]
V  [libjvm.dylib+0x286b46]
V  [libjvm.dylib+0x286f5f]
V  [libjvm.dylib+0x47a48d]
V  [libjvm.dylib+0x47a696]
V  [libjvm.dylib+0x47abc9]
V  [libjvm.dylib+0x2bdb1c]
V  [libjvm.dylib+0x448be9]
V  [libjvm.dylib+0x39536b]
V  [libjvm.dylib+0x5ae00d]
V  [libjvm.dylib+0x5ac677]
V  [libjvm.dylib+0x5acac4]
V  [libjvm.dylib+0x5ac3e3]
V  [libjvm.dylib+0x48343a]
C  [libsystem_pthread.dylib+0x405a]  _pthread_body+0x83
C  [libsystem_pthread.dylib+0x3fd7]  _pthread_body+0x0
C  [libsystem_pthread.dylib+0x13ed]  thread_start+0xd

VM_Operation (0x00000001201d1958): GetOrSetLocal, mode: safepoint, requested by thread 0x00007f907e029000


---------------  P R O C E S S  ---------------

Java Threads: ( => current thread )
  0x00007f907c159800 JavaThread "ReaderThread" [_thread_in_native, id=23299, stack(0x0000000120d76000,0x0000000120e76000)]
  0x00007f907a833800 JavaThread "Service Thread" daemon [_thread_blocked, id=22275, stack(0x00000001207e7000,0x00000001208e7000)]
  0x00007f907e803000 JavaThread "C1 CompilerThread3" daemon [_thread_blocked, id=21763, stack(0x00000001206e4000,0x00000001207e4000)]
  0x00007f907b81c800 JavaThread "C2 CompilerThread2" daemon [_thread_blocked, id=21251, stack(0x00000001205e1000,0x00000001206e1000)]
  0x00007f907b81c000 JavaThread "C2 CompilerThread1" daemon [_thread_blocked, id=20739, stack(0x00000001204de000,0x00000001205de000)]
  0x00007f907b81a800 JavaThread "C2 CompilerThread0" daemon [_thread_blocked, id=20227, stack(0x00000001203db000,0x00000001204db000)]
  0x00007f907c015000 JavaThread "JDWP Command Reader" daemon [_thread_in_native, id=19715, stack(0x00000001202d8000,0x00000001203d8000)]
  0x00007f907e028000 JavaThread "JDWP Event Helper Thread" daemon [_thread_blocked, id=19203, stack(0x00000001201d5000,0x00000001202d5000)]
  0x00007f907e029000 JavaThread "JDWP Transport Listener: dt_socket" daemon [_thread_blocked, id=18691, stack(0x00000001200d2000,0x00000001201d2000)]
  0x00007f907c011000 JavaThread "Signal Dispatcher" daemon [_thread_blocked, id=15383, stack(0x000000011ffcf000,0x00000001200cf000)]
  0x00007f907e024000 JavaThread "Finalizer" daemon [_thread_blocked, id=13571, stack(0x000000011e5ab000,0x000000011e6ab000)]
  0x00007f907e023800 JavaThread "Reference Handler" daemon [_thread_blocked, id=13059, stack(0x000000011e4a8000,0x000000011e5a8000)]
  0x00007f907c001000 JavaThread "main" [_thread_blocked, id=4867, stack(0x000000010298a000,0x0000000102a8a000)]

Other Threads:
=>0x00007f907a829000 VMThread [stack: 0x000000011e3a5000,0x000000011e4a5000] [id=12547]
  0x00007f907d003000 WatcherThread [stack: 0x00000001208ea000,0x00000001209ea000] [id=22787]

VM state:at safepoint (normal execution)

VM Mutex/Monitor currently owned by a thread:  ([mutex/lock_event])
[0x00007f907a4201e0] Threads_lock - owner thread: 0x00007f907a829000

Heap:
 PSYoungGen      total 76288K, used 36261K [0x000000076ab00000, 0x0000000770000000, 0x00000007c0000000)
  eden space 65536K, 50% used [0x000000076ab00000,0x000000076cb008b0,0x000000076eb00000)
  from space 10752K, 32% used [0x000000076eb00000,0x000000076ee68e20,0x000000076f580000)
  to   space 10752K, 0% used [0x000000076f580000,0x000000076f580000,0x0000000770000000)
 ParOldGen       total 175104K, used 72K [0x00000006c0000000, 0x00000006cab00000, 0x000000076ab00000)
  object space 175104K, 0% used [0x00000006c0000000,0x00000006c0012010,0x00000006cab00000)
 Metaspace       used 11681K, capacity 11870K, committed 12032K, reserved 1060864K
  class space    used 1446K, capacity 1505K, committed 1536K, reserved 1048576K

Card table byte_map: [0x0000000111e97000,0x0000000112698000] byte_map_base: 0x000000010e897000

Marking Bits: (ParMarkBitMap*) 0x00000001022dee20
 Begin Bits: [0x0000000113406000, 0x0000000117406000)
 End Bits:   [0x0000000117406000, 0x000000011b406000)

Polling page: 0x00000001009e1000

CodeCache: size=245760Kb used=3561Kb max_used=3571Kb free=242198Kb
 bounds [0x0000000102ad7000, 0x0000000102e57000, 0x0000000111ad7000]
 total_blobs=1254 nmethods=910 adapters=266
 compilation: enabled

Compilation events (10 events):
Event: 7.383 Thread 0x00007f907b81a800  906       4       java.util.HashMap::putVal (300 bytes)
Event: 7.392 Thread 0x00007f907b81a800 nmethod 906 0x0000000102e53910 code [0x0000000102e53b00, 0x0000000102e547e8]
Event: 77.331 Thread 0x00007f907e803000  907       3       java.lang.String::valueOf (14 bytes)
Event: 77.331 Thread 0x00007f907e803000 nmethod 907 0x0000000102e53490 code [0x0000000102e53600, 0x0000000102e53868]
Event: 94.192 Thread 0x00007f907e803000  908       3       java.lang.String::toString (2 bytes)
Event: 94.192 Thread 0x00007f907e803000 nmethod 908 0x0000000102e53190 code [0x0000000102e532e0, 0x0000000102e53430]
Event: 106.839 Thread 0x00007f907e803000  909       3       java.util.HashMap$EntryIterator::next (5 bytes)
Event: 106.840 Thread 0x00007f907e803000 nmethod 909 0x0000000102e52c50 code [0x0000000102e52dc0, 0x0000000102e530a8]
Event: 106.840 Thread 0x00007f907e803000  910       3       java.util.HashMap$EntryIterator::next (5 bytes)
Event: 106.840 Thread 0x00007f907e803000 nmethod 910 0x0000000102e52850 code [0x0000000102e529c0, 0x0000000102e52bc8]

GC Heap History (2 events):
Event: 0.578 GC heap before
{Heap before GC invocations=1 (full 0):
 PSYoungGen      total 76288K, used 65536K [0x000000076ab00000, 0x0000000770000000, 0x00000007c0000000)
  eden space 65536K, 100% used [0x000000076ab00000,0x000000076eb00000,0x000000076eb00000)
  from space 10752K, 0% used [0x000000076f580000,0x000000076f580000,0x0000000770000000)
  to   space 10752K, 0% used [0x000000076eb00000,0x000000076eb00000,0x000000076f580000)
 ParOldGen       total 175104K, used 0K [0x00000006c0000000, 0x00000006cab00000, 0x000000076ab00000)
  object space 175104K, 0% used [0x00000006c0000000,0x00000006c0000000,0x00000006cab00000)
 Metaspace       used 8249K, capacity 8394K, committed 8576K, reserved 1056768K
  class space    used 1018K, capacity 1073K, committed 1152K, reserved 1048576K
Event: 0.582 GC heap after
Heap after GC invocations=1 (full 0):
 PSYoungGen      total 76288K, used 3491K [0x000000076ab00000, 0x0000000770000000, 0x00000007c0000000)
  eden space 65536K, 0% used [0x000000076ab00000,0x000000076ab00000,0x000000076eb00000)
  from space 10752K, 32% used [0x000000076eb00000,0x000000076ee68e20,0x000000076f580000)
  to   space 10752K, 0% used [0x000000076f580000,0x000000076f580000,0x0000000770000000)
 ParOldGen       total 175104K, used 72K [0x00000006c0000000, 0x00000006cab00000, 0x000000076ab00000)
  object space 175104K, 0% used [0x00000006c0000000,0x00000006c0012010,0x00000006cab00000)
 Metaspace       used 8249K, capacity 8394K, committed 8576K, reserved 1056768K
  class space    used 1018K, capacity 1073K, committed 1152K, reserved 1048576K
}

Deoptimization events (10 events):
Event: 0.513 Thread 0x00007f907c001000 Uncommon trap: reason=range_check action=none pc=0x0000000102d453ec method=sun.reflect.generics.parser.SignatureParser.current()C @ 34
Event: 0.532 Thread 0x00007f907c001000 Uncommon trap: reason=unstable_if action=reinterpret pc=0x0000000102c7c444 method=java.lang.String.replace(CC)Ljava/lang/String; @ 26
Event: 0.562 Thread 0x00007f907c001000 Uncommon trap: reason=predicate action=maybe_recompile pc=0x0000000102d64e00 method=java.lang.String.regionMatches(ZILjava/lang/String;II)Z @ 63
Event: 0.582 Thread 0x00007f907c001000 Uncommon trap: reason=unstable_if action=reinterpret pc=0x0000000102d4d358 method=java.lang.ref.SoftReference.get()Ljava/lang/Object; @ 17
Event: 0.721 Thread 0x00007f907c001000 Uncommon trap: reason=unstable_if action=reinterpret pc=0x0000000102d0e42c method=java.lang.String.substring(I)Ljava/lang/String; @ 35
Event: 7.364 Thread 0x00007f907c001000 Uncommon trap: reason=bimorphic action=maybe_recompile pc=0x0000000102e4181c method=java.lang.ThreadLocal.get()Ljava/lang/Object; @ 6
Event: 7.366 Thread 0x00007f907c001000 Uncommon trap: reason=unstable_if action=reinterpret pc=0x0000000102c57268 method=java.lang.String.indexOf([CII[CIII)I @ 3
Event: 7.366 Thread 0x00007f907c001000 Uncommon trap: reason=bimorphic action=maybe_recompile pc=0x0000000102e4181c method=java.lang.ThreadLocal.get()Ljava/lang/Object; @ 6
Event: 7.376 Thread 0x00007f907c001000 Uncommon trap: reason=bimorphic action=maybe_recompile pc=0x0000000102e4181c method=java.lang.ThreadLocal.get()Ljava/lang/Object; @ 6
Event: 7.376 Thread 0x00007f907c001000 Uncommon trap: reason=bimorphic action=maybe_recompile pc=0x0000000102e4181c method=java.lang.ThreadLocal.get()Ljava/lang/Object; @ 6

Internal exceptions (10 events):
Event: 0.513 Thread 0x00007f907c001000 Exception <a 'java/lang/ClassNotFoundException': ch/qos/logback/core/FileAppenderCustomizer> (0x000000076dfd68c8) thrown at [/Users/java_re/workspace/8-2-build-macosx-x86_64/jdk8u60/4407/hotspot/src/share/vm/classfile/systemDictionary.cpp, line 210]
Event: 0.513 Thread 0x00007f907c001000 Exception <a 'java/lang/ArrayIndexOutOfBoundsException': 69> (0x000000076dfda3a8) thrown at [/Users/java_re/workspace/8-2-build-macosx-x86_64/jdk8u60/4407/hotspot/src/share/vm/interpreter/interpreterRuntime.cpp, line 366]
Event: 0.745 Thread 0x00007f907c001000 Exception <a 'java/lang/NoSuchFieldError': method resolution failed> (0x000000076c57b660) thrown at [/Users/java_re/workspace/8-2-build-macosx-x86_64/jdk8u60/4407/hotspot/src/share/vm/prims/methodHandles.cpp, line 1146]
Event: 0.748 Thread 0x00007f907c001000 Exception <a 'java/lang/NoSuchFieldError': method resolution failed> (0x000000076c588d50) thrown at [/Users/java_re/workspace/8-2-build-macosx-x86_64/jdk8u60/4407/hotspot/src/share/vm/prims/methodHandles.cpp, line 1146]
Event: 0.776 Thread 0x00007f907c001000 Exception <a 'sun/nio/fs/UnixException'> (0x000000076c6da180) thrown at [/Users/java_re/workspace/8-2-build-macosx-x86_64/jdk8u60/4407/hotspot/src/share/vm/prims/jni.cpp, line 709]
Event: 0.776 Thread 0x00007f907c001000 Exception <a 'sun/nio/fs/UnixException'> (0x000000076c6dab40) thrown at [/Users/java_re/workspace/8-2-build-macosx-x86_64/jdk8u60/4407/hotspot/src/share/vm/prims/jni.cpp, line 709]
Event: 0.796 Thread 0x00007f907c001000 Exception <a 'sun/nio/fs/UnixException'> (0x000000076c838af0) thrown at [/Users/java_re/workspace/8-2-build-macosx-x86_64/jdk8u60/4407/hotspot/src/share/vm/prims/jni.cpp, line 709]
Event: 0.797 Thread 0x00007f907c001000 Exception <a 'sun/nio/fs/UnixException'> (0x000000076c839720) thrown at [/Users/java_re/workspace/8-2-build-macosx-x86_64/jdk8u60/4407/hotspot/src/share/vm/prims/jni.cpp, line 709]
Event: 7.373 Thread 0x00007f907c001000 Exception <a 'sun/nio/fs/UnixException'> (0x000000076c927860) thrown at [/Users/java_re/workspace/8-2-build-macosx-x86_64/jdk8u60/4407/hotspot/src/share/vm/prims/jni.cpp, line 709]
Event: 7.374 Thread 0x00007f907c001000 Exception <a 'sun/nio/fs/UnixException'> (0x000000076c92d590) thrown at [/Users/java_re/workspace/8-2-build-macosx-x86_64/jdk8u60/4407/hotspot/src/share/vm/prims/jni.cpp, line 709]

Events (10 events):
Event: 202.379 Executing VM operation: ChangeBreakpoints done
Event: 202.380 Executing VM operation: EnterInterpOnlyMode
Event: 202.380 Executing VM operation: EnterInterpOnlyMode done
Event: 202.380 Executing VM operation: GetCurrentLocation
Event: 202.380 Executing VM operation: GetCurrentLocation done
Event: 202.380 Executing VM operation: ChangeSingleStep
Event: 202.380 Executing VM operation: ChangeSingleStep done
Event: 202.381 Executing VM operation: ChangeSingleStep
Event: 202.381 Executing VM operation: ChangeSingleStep done
Event: 202.604 Executing VM operation: GetOrSetLocal


Dynamic libraries:
0x000000000ba7a000 	/System/Library/Frameworks/Cocoa.framework/Versions/A/Cocoa
0x000000000ba7a000 	/System/Library/Frameworks/Security.framework/Versions/A/Security
0x000000000ba7a000 	/System/Library/Frameworks/ApplicationServices.framework/Versions/A/ApplicationServices
0x000000000ba7a000 	/usr/lib/libz.1.dylib
0x000000000ba7a000 	/usr/lib/libSystem.B.dylib
0x000000000ba7a000 	/usr/lib/libobjc.A.dylib
0x000000000ba7a000 	/System/Library/Frameworks/CoreFoundation.framework/Versions/A/CoreFoundation
0x000000000ba7a000 	/System/Library/Frameworks/Foundation.framework/Versions/C/Foundation
0x000000000ba7a000 	/System/Library/Frameworks/AppKit.framework/Versions/C/AppKit
0x000000000ba7a000 	/System/Library/Frameworks/CoreData.framework/Versions/A/CoreData
0x000000000ba7a000 	/System/Library/PrivateFrameworks/RemoteViewServices.framework/Versions/A/RemoteViewServices
0x000000000ba7a000 	/System/Library/PrivateFrameworks/UIFoundation.framework/Versions/A/UIFoundation
0x000000000ba7a000 	/System/Library/Frameworks/IOSurface.framework/Versions/A/IOSurface
0x000000000ba7a000 	/System/Library/Frameworks/AudioToolbox.framework/Versions/A/AudioToolbox
0x000000000ba7a000 	/System/Library/Frameworks/AudioUnit.framework/Versions/A/AudioUnit
0x000000000ba7a000 	/System/Library/PrivateFrameworks/DataDetectorsCore.framework/Versions/A/DataDetectorsCore
0x000000000ba7a000 	/System/Library/PrivateFrameworks/DesktopServicesPriv.framework/Versions/A/DesktopServicesPriv
0x000000000ba7a000 	/System/Library/Frameworks/Carbon.framework/Versions/A/Frameworks/HIToolbox.framework/Versions/A/HIToolbox
0x000000000ba7a000 	/System/Library/Frameworks/QuartzCore.framework/Versions/A/QuartzCore
0x000000000ba7a000 	/System/Library/Frameworks/Carbon.framework/Versions/A/Frameworks/SpeechRecognition.framework/Versions/A/SpeechRecognition
0x000000000ba7a000 	/usr/lib/libauto.dylib
0x000000000ba7a000 	/usr/lib/libicucore.A.dylib
0x000000000ba7a000 	/usr/lib/libxml2.2.dylib
0x000000000ba7a000 	/System/Library/PrivateFrameworks/CoreUI.framework/Versions/A/CoreUI
0x000000000ba7a000 	/System/Library/Frameworks/CoreAudio.framework/Versions/A/CoreAudio
0x000000000ba7a000 	/System/Library/Frameworks/DiskArbitration.framework/Versions/A/DiskArbitration
0x000000000ba7a000 	/usr/lib/liblangid.dylib
0x000000000ba7a000 	/System/Library/PrivateFrameworks/MultitouchSupport.framework/Versions/A/MultitouchSupport
0x000000000ba7a000 	/System/Library/Frameworks/IOKit.framework/Versions/A/IOKit
0x000000000ba7a000 	/usr/lib/libDiagnosticMessagesClient.dylib
0x000000000ba7a000 	/System/Library/Frameworks/CoreServices.framework/Versions/A/CoreServices
0x000000000ba7a000 	/System/Library/PrivateFrameworks/PerformanceAnalysis.framework/Versions/A/PerformanceAnalysis
0x000000000ba7a000 	/System/Library/PrivateFrameworks/GenerationalStorage.framework/Versions/A/GenerationalStorage
0x000000000ba7a000 	/System/Library/Frameworks/OpenGL.framework/Versions/A/OpenGL
0x000000000ba7a000 	/System/Library/PrivateFrameworks/Sharing.framework/Versions/A/Sharing
0x000000000ba7a000 	/System/Library/Frameworks/CoreGraphics.framework/Versions/A/CoreGraphics
0x000000000ba7a000 	/System/Library/Frameworks/CoreText.framework/Versions/A/CoreText
0x000000000ba7a000 	/System/Library/Frameworks/ImageIO.framework/Versions/A/ImageIO
0x000000000ba7a000 	/usr/lib/libextension.dylib
0x000000000ba7a000 	/System/Library/PrivateFrameworks/Backup.framework/Versions/A/Backup
0x000000000ba7a000 	/usr/lib/libarchive.2.dylib
0x000000000ba7a000 	/System/Library/Frameworks/CFNetwork.framework/Versions/A/CFNetwork
0x000000000ba7a000 	/System/Library/Frameworks/SystemConfiguration.framework/Versions/A/SystemConfiguration
0x000000000ba7a000 	/usr/lib/libCRFSuite.dylib
0x000000000ba7a000 	/usr/lib/libc++.1.dylib
0x000000000ba7a000 	/usr/lib/libc++abi.dylib
0x000000000ba7a000 	/usr/lib/system/libcache.dylib
0x000000000ba7a000 	/usr/lib/system/libcommonCrypto.dylib
0x000000000ba7a000 	/usr/lib/system/libcompiler_rt.dylib
0x000000000ba7a000 	/usr/lib/system/libcopyfile.dylib
0x000000000ba7a000 	/usr/lib/system/libcorecrypto.dylib
0x000000000ba7a000 	/usr/lib/system/libdispatch.dylib
0x000000000ba7a000 	/usr/lib/system/libdyld.dylib
0x000000000ba7a000 	/usr/lib/system/libkeymgr.dylib
0x000000000ba7a000 	/usr/lib/system/liblaunch.dylib
0x000000000ba7a000 	/usr/lib/system/libmacho.dylib
0x000000000ba7a000 	/usr/lib/system/libquarantine.dylib
0x000000000ba7a000 	/usr/lib/system/libremovefile.dylib
0x000000000ba7a000 	/usr/lib/system/libsystem_asl.dylib
0x000000000ba7a000 	/usr/lib/system/libsystem_blocks.dylib
0x000000000ba7a000 	/usr/lib/system/libsystem_c.dylib
0x000000000ba7a000 	/usr/lib/system/libsystem_configuration.dylib
0x000000000ba7a000 	/usr/lib/system/libsystem_coreservices.dylib
0x000000000ba7a000 	/usr/lib/system/libsystem_coretls.dylib
0x000000000ba7a000 	/usr/lib/system/libsystem_dnssd.dylib
0x000000000ba7a000 	/usr/lib/system/libsystem_info.dylib
0x000000000ba7a000 	/usr/lib/system/libsystem_kernel.dylib
0x000000000ba7a000 	/usr/lib/system/libsystem_m.dylib
0x000000000ba7a000 	/usr/lib/system/libsystem_malloc.dylib
0x000000000ba7a000 	/usr/lib/system/libsystem_network.dylib
0x000000000ba7a000 	/usr/lib/system/libsystem_networkextension.dylib
0x000000000ba7a000 	/usr/lib/system/libsystem_notify.dylib
0x000000000ba7a000 	/usr/lib/system/libsystem_platform.dylib
0x000000000ba7a000 	/usr/lib/system/libsystem_pthread.dylib
0x000000000ba7a000 	/usr/lib/system/libsystem_sandbox.dylib
0x000000000ba7a000 	/usr/lib/system/libsystem_secinit.dylib
0x000000000ba7a000 	/usr/lib/system/libsystem_stats.dylib
0x000000000ba7a000 	/usr/lib/system/libsystem_trace.dylib
0x000000000ba7a000 	/usr/lib/system/libunc.dylib
0x000000000ba7a000 	/usr/lib/system/libunwind.dylib
0x000000000ba7a000 	/usr/lib/system/libxpc.dylib
0x000000000ba7a000 	/usr/lib/libbz2.1.0.dylib
0x000000000ba7a000 	/usr/lib/liblzma.5.dylib
0x000000000ba7a000 	/usr/lib/libbsm.0.dylib
0x000000000ba7a000 	/usr/lib/libsqlite3.dylib
0x000000000ba7a000 	/usr/lib/system/libkxld.dylib
0x000000000ba7a000 	/usr/lib/libxar.1.dylib
0x000000000ba7a000 	/usr/lib/libpam.2.dylib
0x000000000ba7a000 	/usr/lib/libOpenScriptingUtil.dylib
0x000000000ba7a000 	/System/Library/Frameworks/CoreServices.framework/Versions/A/Frameworks/FSEvents.framework/Versions/A/FSEvents
0x000000000ba7a000 	/System/Library/Frameworks/CoreServices.framework/Versions/A/Frameworks/CarbonCore.framework/Versions/A/CarbonCore
0x000000000ba7a000 	/System/Library/Frameworks/CoreServices.framework/Versions/A/Frameworks/Metadata.framework/Versions/A/Metadata
0x000000000ba7a000 	/System/Library/Frameworks/CoreServices.framework/Versions/A/Frameworks/OSServices.framework/Versions/A/OSServices
0x000000000ba7a000 	/System/Library/Frameworks/CoreServices.framework/Versions/A/Frameworks/SearchKit.framework/Versions/A/SearchKit
0x000000000ba7a000 	/System/Library/Frameworks/CoreServices.framework/Versions/A/Frameworks/AE.framework/Versions/A/AE
0x000000000ba7a000 	/System/Library/Frameworks/CoreServices.framework/Versions/A/Frameworks/LaunchServices.framework/Versions/A/LaunchServices
0x000000000ba7a000 	/System/Library/Frameworks/CoreServices.framework/Versions/A/Frameworks/DictionaryServices.framework/Versions/A/DictionaryServices
0x000000000ba7a000 	/System/Library/Frameworks/NetFS.framework/Versions/A/NetFS
0x000000000ba7a000 	/System/Library/PrivateFrameworks/NetAuth.framework/Versions/A/NetAuth
0x000000000ba7a000 	/System/Library/PrivateFrameworks/login.framework/Versions/A/Frameworks/loginsupport.framework/Versions/A/loginsupport
0x000000000ba7a000 	/System/Library/PrivateFrameworks/TCC.framework/Versions/A/TCC
0x000000000ba7a000 	/usr/lib/libmecabra.dylib
0x000000000ba7a000 	/System/Library/Frameworks/ApplicationServices.framework/Versions/A/Frameworks/ATS.framework/Versions/A/ATS
0x000000000ba7a000 	/System/Library/Frameworks/ApplicationServices.framework/Versions/A/Frameworks/ColorSync.framework/Versions/A/ColorSync
0x000000000ba7a000 	/System/Library/Frameworks/ApplicationServices.framework/Versions/A/Frameworks/HIServices.framework/Versions/A/HIServices
0x000000000ba7a000 	/System/Library/Frameworks/ApplicationServices.framework/Versions/A/Frameworks/LangAnalysis.framework/Versions/A/LangAnalysis
0x000000000ba7a000 	/System/Library/Frameworks/ApplicationServices.framework/Versions/A/Frameworks/PrintCore.framework/Versions/A/PrintCore
0x000000000ba7a000 	/System/Library/Frameworks/ApplicationServices.framework/Versions/A/Frameworks/QD.framework/Versions/A/QD
0x000000000ba7a000 	/System/Library/Frameworks/ApplicationServices.framework/Versions/A/Frameworks/SpeechSynthesis.framework/Versions/A/SpeechSynthesis
0x000000000ba7a000 	/System/Library/Frameworks/Accelerate.framework/Versions/A/Accelerate
0x000000000ba7a000 	/System/Library/Frameworks/Accelerate.framework/Versions/A/Frameworks/vImage.framework/Versions/A/vImage
0x000000000ba7a000 	/System/Library/Frameworks/Accelerate.framework/Versions/A/Frameworks/vecLib.framework/Versions/A/vecLib
0x000000000ba7a000 	/System/Library/Frameworks/Accelerate.framework/Versions/A/Frameworks/vecLib.framework/Versions/A/libvDSP.dylib
0x000000000ba7a000 	/System/Library/Frameworks/Accelerate.framework/Versions/A/Frameworks/vecLib.framework/Versions/A/libvMisc.dylib
0x000000000ba7a000 	/System/Library/Frameworks/Accelerate.framework/Versions/A/Frameworks/vecLib.framework/Versions/A/libLAPACK.dylib
0x000000000ba7a000 	/System/Library/Frameworks/Accelerate.framework/Versions/A/Frameworks/vecLib.framework/Versions/A/libBLAS.dylib
0x000000000ba7a000 	/System/Library/Frameworks/Accelerate.framework/Versions/A/Frameworks/vecLib.framework/Versions/A/libLinearAlgebra.dylib
0x000000000ba7a000 	/System/Library/Frameworks/ApplicationServices.framework/Versions/A/Frameworks/ATS.framework/Versions/A/Resources/libFontParser.dylib
0x000000000ba7a000 	/System/Library/Frameworks/ApplicationServices.framework/Versions/A/Frameworks/ATS.framework/Versions/A/Resources/libFontRegistry.dylib
0x000000000ba7a000 	/System/Library/PrivateFrameworks/AppleVPA.framework/Versions/A/AppleVPA
0x000000000ba7a000 	/System/Library/PrivateFrameworks/AppleJPEG.framework/Versions/A/AppleJPEG
0x000000000ba7a000 	/System/Library/Frameworks/ImageIO.framework/Versions/A/Resources/libJPEG.dylib
0x000000000ba7a000 	/System/Library/Frameworks/ImageIO.framework/Versions/A/Resources/libTIFF.dylib
0x000000000ba7a000 	/System/Library/Frameworks/ImageIO.framework/Versions/A/Resources/libPng.dylib
0x000000000ba7a000 	/System/Library/Frameworks/ImageIO.framework/Versions/A/Resources/libGIF.dylib
0x000000000ba7a000 	/System/Library/Frameworks/ImageIO.framework/Versions/A/Resources/libJP2.dylib
0x000000000ba7a000 	/System/Library/Frameworks/ImageIO.framework/Versions/A/Resources/libRadiance.dylib
0x000000000ba7a000 	/System/Library/Frameworks/CoreVideo.framework/Versions/A/CoreVideo
0x000000000ba7a000 	/System/Library/Frameworks/OpenGL.framework/Versions/A/Libraries/libGLU.dylib
0x000000000ba7a000 	/System/Library/Frameworks/OpenGL.framework/Versions/A/Libraries/libGFXShared.dylib
0x000000000ba7a000 	/System/Library/Frameworks/OpenGL.framework/Versions/A/Libraries/libGL.dylib
0x000000000ba7a000 	/System/Library/Frameworks/OpenGL.framework/Versions/A/Libraries/libGLImage.dylib
0x000000000ba7a000 	/System/Library/Frameworks/OpenGL.framework/Versions/A/Libraries/libCVMSPluginSupport.dylib
0x000000000ba7a000 	/System/Library/Frameworks/OpenGL.framework/Versions/A/Libraries/libCoreVMClient.dylib
0x000000000ba7a000 	/usr/lib/libcups.2.dylib
0x000000000ba7a000 	/System/Library/Frameworks/Kerberos.framework/Versions/A/Kerberos
0x000000000ba7a000 	/System/Library/Frameworks/GSS.framework/Versions/A/GSS
0x000000000ba7a000 	/usr/lib/libresolv.9.dylib
0x000000000ba7a000 	/usr/lib/libiconv.2.dylib
0x000000000ba7a000 	/System/Library/PrivateFrameworks/Heimdal.framework/Versions/A/Heimdal
0x000000000ba7a000 	/usr/lib/libheimdal-asn1.dylib
0x000000000ba7a000 	/System/Library/Frameworks/OpenDirectory.framework/Versions/A/OpenDirectory
0x000000000ba7a000 	/System/Library/PrivateFrameworks/CommonAuth.framework/Versions/A/CommonAuth
0x000000000ba7a000 	/System/Library/Frameworks/OpenDirectory.framework/Versions/A/Frameworks/CFOpenDirectory.framework/Versions/A/CFOpenDirectory
0x000000000ba7a000 	/System/Library/Frameworks/SecurityFoundation.framework/Versions/A/SecurityFoundation
0x000000000ba7a000 	/System/Library/PrivateFrameworks/LanguageModeling.framework/Versions/A/LanguageModeling
0x000000000ba7a000 	/usr/lib/libcmph.dylib
0x000000000ba7a000 	/System/Library/Frameworks/ServiceManagement.framework/Versions/A/ServiceManagement
0x000000000ba7a000 	/usr/lib/libxslt.1.dylib
0x000000000ba7a000 	/System/Library/Frameworks/Carbon.framework/Versions/A/Frameworks/Ink.framework/Versions/A/Ink
0x000000000ba7a000 	/System/Library/Frameworks/QuartzCore.framework/Versions/A/Frameworks/CoreImage.framework/Versions/A/CoreImage
0x000000000ba7a000 	/System/Library/PrivateFrameworks/CrashReporterSupport.framework/Versions/A/CrashReporterSupport
0x000000000ba7a000 	/System/Library/Frameworks/OpenCL.framework/Versions/A/OpenCL
0x000000000ba7a000 	/System/Library/PrivateFrameworks/FaceCore.framework/Versions/A/FaceCore
0x000000000ba7a000 	/System/Library/PrivateFrameworks/Ubiquity.framework/Versions/A/Ubiquity
0x000000000ba7a000 	/System/Library/PrivateFrameworks/IconServices.framework/Versions/A/IconServices
0x000000000ba7a000 	/System/Library/PrivateFrameworks/ChunkingLibrary.framework/Versions/A/ChunkingLibrary
0x000000000ba7a000 	/System/Library/PrivateFrameworks/Apple80211.framework/Versions/A/Apple80211
0x000000000ba7a000 	/System/Library/Frameworks/CoreWLAN.framework/Versions/A/CoreWLAN
0x000000000ba7a000 	/System/Library/Frameworks/IOBluetooth.framework/Versions/A/IOBluetooth
0x000000000ba7a000 	/System/Library/PrivateFrameworks/CoreWiFi.framework/Versions/A/CoreWiFi
0x000000000ba7a000 	/System/Library/Frameworks/CoreBluetooth.framework/Versions/A/CoreBluetooth
0x000000000ba7a000 	/System/Library/PrivateFrameworks/DebugSymbols.framework/Versions/A/DebugSymbols
0x000000000ba7a000 	/System/Library/PrivateFrameworks/CoreSymbolication.framework/Versions/A/CoreSymbolication
0x000000000ba7a000 	/System/Library/PrivateFrameworks/Symbolication.framework/Versions/A/Symbolication
0x000000000ba7a000 	/System/Library/PrivateFrameworks/SpeechRecognitionCore.framework/Versions/A/SpeechRecognitionCore
0x0000000101a00000 	/Library/Java/JavaVirtualMachines/jdk1.8.0_60.jdk/Contents/Home/jre/lib/server/libjvm.dylib
0x000000000ba7a000 	/usr/lib/libstdc++.6.dylib
0x000000010099e000 	/Library/Java/JavaVirtualMachines/jdk1.8.0_60.jdk/Contents/Home/jre/lib/libverify.dylib
0x00000001009ac000 	/Library/Java/JavaVirtualMachines/jdk1.8.0_60.jdk/Contents/Home/jre/lib/libjava.dylib
0x0000000102a8c000 	/Library/Java/JavaVirtualMachines/jdk1.8.0_60.jdk/Contents/Home/jre/lib/libjdwp.dylib
0x00000001009e2000 	/Library/Java/JavaVirtualMachines/jdk1.8.0_60.jdk/Contents/Home/jre/lib/libnpt.dylib
0x00000001009ef000 	/Library/Java/JavaVirtualMachines/jdk1.8.0_60.jdk/Contents/Home/jre/lib/libzip.dylib
0x000000011e6ad000 	/System/Library/Frameworks/JavaVM.framework/Frameworks/JavaRuntimeSupport.framework/JavaRuntimeSupport
0x000000011e6c3000 	/System/Library/Frameworks/JavaVM.framework/Versions/A/Frameworks/JavaNativeFoundation.framework/Versions/A/JavaNativeFoundation
0x000000011e6d7000 	/System/Library/Frameworks/JavaVM.framework/Versions/A/JavaVM
0x000000000ba7a000 	/System/Library/Frameworks/Carbon.framework/Versions/A/Carbon
0x000000011e6e3000 	/System/Library/PrivateFrameworks/JavaLaunching.framework/Versions/A/JavaLaunching
0x000000000ba7a000 	/System/Library/Frameworks/Carbon.framework/Versions/A/Frameworks/CommonPanels.framework/Versions/A/CommonPanels
0x000000000ba7a000 	/System/Library/Frameworks/Carbon.framework/Versions/A/Frameworks/Help.framework/Versions/A/Help
0x000000000ba7a000 	/System/Library/Frameworks/Carbon.framework/Versions/A/Frameworks/ImageCapture.framework/Versions/A/ImageCapture
0x000000000ba7a000 	/System/Library/Frameworks/Carbon.framework/Versions/A/Frameworks/OpenScripting.framework/Versions/A/OpenScripting
0x000000000ba7a000 	/System/Library/Frameworks/Carbon.framework/Versions/A/Frameworks/Print.framework/Versions/A/Print
0x000000000ba7a000 	/System/Library/Frameworks/Carbon.framework/Versions/A/Frameworks/SecurityHI.framework/Versions/A/SecurityHI
0x000000011e7f4000 	/Library/Java/JavaVirtualMachines/jdk1.8.0_60.jdk/Contents/Home/jre/lib/libdt_socket.dylib
0x0000000120d16000 	/Library/Java/JavaVirtualMachines/jdk1.8.0_60.jdk/Contents/Home/jre/lib/libnet.dylib
0x0000000120ecc000 	/Library/Java/JavaVirtualMachines/jdk1.8.0_60.jdk/Contents/Home/jre/lib/libnio.dylib

VM Arguments:
jvm_args: -agentlib:jdwp=transport=dt_socket,suspend=y,address=localhost:58719 -Dfile.encoding=UTF-8 
java_command: org.eclipse.jdt.internal.junit.runner.RemoteTestRunner -version 3 -port 58718 -testLoaderClass org.eclipse.jdt.internal.junit4.runner.JUnit4TestLoader -loaderpluginname org.eclipse.jdt.junit4.runtime -test org.apache.nifi.controller.repository.TestWriteAheadFlowFileRepository:testResourceClaimsIncremented
java_class_path (initial): /devel/nifi/nifi-nar-bundles/nifi-framework-bundle/nifi-framework/nifi-framework-core/target/test-classes:/devel/nifi/nifi-nar-bundles/nifi-framework-bundle/nifi-framework/nifi-framework-core/target/classes:/devel/nifi/nifi-nar-bundles/nifi-framework-bundle/nifi-framework/nifi-framework-core-api/target/classes:/Users/mpayne/.m2/repository/org/apache/commons/commons-lang3/3.4/commons-lang3-3.4.jar:/devel/nifi/nifi-nar-bundles/nifi-framework-bundle/nifi-framework/nifi-properties-loader/target/classes:/devel/nifi/nifi-api/target/classes:/devel/nifi/nifi-framework-api/target/classes:/devel/nifi/nifi-commons/nifi-expression-language/target/classes:/Users/mpayne/.m2/repository/org/antlr/antlr-runtime/3.5.2/antlr-runtime-3.5.2.jar:/Users/mpayne/.m2/repository/com/jayway/jsonpath/json-path/2.0.0/json-path-2.0.0.jar:/Users/mpayne/.m2/repository/net/minidev/json-smart/2.1.1/json-smart-2.1.1.jar:/Users/mpayne/.m2/repository/net/minidev/asm/1.0.2/asm-1.0.2.jar:/Users/mpayne/.m2/repository/asm/asm/3.3.1/asm-3.3.1.jar:/Users/mpayne/.m2/repository/com/fasterxml/jackson/core/jackson-databind/2.6.1/jackson-databind-2.6.1.jar:/Users/mpayne/.m2/repository/com/fasterxml/jackson/core/jackson-annotations/2.6.0/jackson-annotations-2.6.0.jar:/Users/mpayne/.m2/repository/com/fasterxml/jackson/core/jackson-core/2.6.1/jackson-core-2.6.1.jar:/devel/nifi/nifi-commons/nifi-utils/target/classes:/devel/nifi/nifi-commons/nifi-security-utils/target/classes:/Users/mpayne/.m2/repository/org/bouncycastle/bcpkix-jdk15on/1.54/bcpkix-jdk15on-1.54.jar:/devel/nifi/nifi-commons/nifi-schema-utils/target/classes:/devel/nifi/nifi-nar-bundles/nifi-framework-bundle/nifi-framework/nifi-nar-utils/target/classes:/devel/nifi/nifi-commons/nifi-properties/target/classes:/devel/nifi/nifi-nar-bundles/nifi-framework-bundle/nifi-framework/nifi-site-to-site/target/classes:/Users/mpayne/.m2/repository/org/apache/nifi/nifi-administration/1.1.0-SNAPSHOT/nifi-administration-1.1.0-SNAPSHOT.jar:/Users
Launcher Type: SUN_STANDARD

Environment Variables:
PATH=/usr/bin:/bin:/usr/sbin:/sbin
SHELL=/bin/bash

Signal Handlers:
SIGSEGV: [libjvm.dylib+0x5a6d31], sa_mask[0]=11111111011111110111111111111111, sa_flags=SA_ONSTACK|SA_RESTART|SA_SIGINFO
SIGBUS: [libjvm.dylib+0x5a6d31], sa_mask[0]=11111111011111110111111111111111, sa_flags=SA_RESTART|SA_SIGINFO
SIGFPE: [libjvm.dylib+0x480a4c], sa_mask[0]=11111111011111110111111111111111, sa_flags=SA_RESTART|SA_SIGINFO
SIGPIPE: [libjvm.dylib+0x480a4c], sa_mask[0]=11111111011111110111111111111111, sa_flags=SA_RESTART|SA_SIGINFO
SIGXFSZ: [libjvm.dylib+0x480a4c], sa_mask[0]=11111111011111110111111111111111, sa_flags=SA_RESTART|SA_SIGINFO
SIGILL: [libjvm.dylib+0x480a4c], sa_mask[0]=11111111011111110111111111111111, sa_flags=SA_RESTART|SA_SIGINFO
SIGUSR1: SIG_DFL, sa_mask[0]=00000000000000000000000000000000, sa_flags=none
SIGUSR2: [libjvm.dylib+0x48056a], sa_mask[0]=00100000000000000000000000000000, sa_flags=SA_RESTART|SA_SIGINFO
SIGHUP: [libjvm.dylib+0x47eb41], sa_mask[0]=11111111011111110111111111111111, sa_flags=SA_RESTART|SA_SIGINFO
SIGINT: [libjvm.dylib+0x47eb41], sa_mask[0]=11111111011111110111111111111111, sa_flags=SA_RESTART|SA_SIGINFO
SIGTERM: [libjvm.dylib+0x47eb41], sa_mask[0]=11111111011111110111111111111111, sa_flags=SA_RESTART|SA_SIGINFO
SIGQUIT: [libjvm.dylib+0x47eb41], sa_mask[0]=11111111011111110111111111111111, sa_flags=SA_RESTART|SA_SIGINFO


---------------  S Y S T E M  ---------------

OS:Bsduname:Darwin 14.5.0 Darwin Kernel Version 14.5.0: Wed Jul 29 02:26:53 PDT 2015; root:xnu-2782.40.9~1/RELEASE_X86_64 x86_64
rlimit: STACK 8192k, CORE 0k, NPROC 709, NOFILE 10240, AS infinity
load average:2.47 2.52 2.57

CPU:total 8 (4 cores per cpu, 2 threads per core) family 6 model 70 stepping 1, cmov, cx8, fxsr, mmx, sse, sse2, sse3, ssse3, sse4.1, sse4.2, popcnt, avx, avx2, aes, clmul, erms, rtm, lzcnt, ht, tsc, tscinvbit, bmi1, bmi2

Memory: 4k page, physical 16777216k(147580k free)

/proc/meminfo:


vm_info: Java HotSpot(TM) 64-Bit Server VM (25.60-b23) for bsd-amd64 JRE (1.8.0_60-b27), built on Aug  4 2015 10:47:24 by "java_re" with gcc 4.2.1 (Based on Apple Inc. build 5658) (LLVM build 2336.11.00)

time: Wed Nov  2 10:32:20 2016
elapsed time: 202 seconds (0d 0h 3m 22s)

